2025-07-27 19:48:16,575 - INFO - Starting Allocation Rule Engine
2025-07-27 19:48:40,033 - INFO - Exported results to C:\\Users\\kpras\\Desktop\\Auto_allocation.xlsx
2025-07-27 19:55:37,657 - INFO - Starting Allocation Rule Engine
2025-07-27 19:56:01,406 - INFO - Exported results to C:\Users\kpras\\Desktop\Auto_allocation.xlsx
2025-07-28 01:53:56,877 - INFO - Starting Allocation Rule Engine
2025-07-28 01:54:27,028 - INFO - Exported results to C:\Users\kpras\\Desktop\Auto_allocation.xlsx
2025-07-29 23:29:30,503 - INFO - Starting Allocation Rule Engine (Snowflake mode)
2025-07-29 23:29:30,558 - INFO - Snowflake Connector for Python Version: 3.13.2, Python Version: 3.13.2, Platform: Windows-11-10.0.26100-SP0
2025-07-29 23:29:30,559 - INFO - Connecting to GLOBAL Snowflake domain
2025-07-29 23:29:30,559 - INFO - This connection is in OCSP Fail Open Mode. TLS Certificates would be checked for validity and revocation status. Any other Certificate Revocation related exceptions or OCSP Responder failures would be disregarded in favor of connectivity.
2025-07-29 23:29:32,997 - INFO - closed
2025-07-29 23:29:33,034 - INFO - No async queries seem to be running, deleting session
2025-07-29 23:29:33,129 - INFO - Snowflake Connector for Python Version: 3.13.2, Python Version: 3.13.2, Platform: Windows-11-10.0.26100-SP0
2025-07-29 23:29:33,129 - INFO - Connecting to GLOBAL Snowflake domain
2025-07-29 23:29:33,129 - INFO - This connection is in OCSP Fail Open Mode. TLS Certificates would be checked for validity and revocation status. Any other Certificate Revocation related exceptions or OCSP Responder failures would be disregarded in favor of connectivity.
2025-07-29 23:29:33,462 - INFO - closed
2025-07-29 23:29:33,493 - INFO - No async queries seem to be running, deleting session
2025-07-29 23:39:35,337 - INFO - Starting Allocation Rule Engine (Snowflake mode)
2025-07-29 23:39:35,383 - INFO - Snowflake Connector for Python Version: 3.13.2, Python Version: 3.13.2, Platform: Windows-11-10.0.26100-SP0
2025-07-29 23:39:35,383 - INFO - Connecting to GLOBAL Snowflake domain
2025-07-29 23:39:35,383 - INFO - This connection is in OCSP Fail Open Mode. TLS Certificates would be checked for validity and revocation status. Any other Certificate Revocation related exceptions or OCSP Responder failures would be disregarded in favor of connectivity.
2025-07-29 23:39:36,981 - INFO - closed
2025-07-29 23:39:37,000 - INFO - No async queries seem to be running, deleting session
2025-07-29 23:39:37,150 - INFO - Snowflake Connector for Python Version: 3.13.2, Python Version: 3.13.2, Platform: Windows-11-10.0.26100-SP0
2025-07-29 23:39:37,150 - INFO - Connecting to GLOBAL Snowflake domain
2025-07-29 23:39:37,150 - INFO - This connection is in OCSP Fail Open Mode. TLS Certificates would be checked for validity and revocation status. Any other Certificate Revocation related exceptions or OCSP Responder failures would be disregarded in favor of connectivity.
2025-07-29 23:39:38,233 - INFO - closed
2025-07-29 23:39:38,251 - INFO - No async queries seem to be running, deleting session
2025-07-29 23:39:38,337 - INFO - Snowflake Connector for Python Version: 3.13.2, Python Version: 3.13.2, Platform: Windows-11-10.0.26100-SP0
2025-07-29 23:39:38,337 - INFO - Connecting to GLOBAL Snowflake domain
2025-07-29 23:39:38,337 - INFO - This connection is in OCSP Fail Open Mode. TLS Certificates would be checked for validity and revocation status. Any other Certificate Revocation related exceptions or OCSP Responder failures would be disregarded in favor of connectivity.
2025-07-29 23:39:38,945 - INFO - closed
2025-07-29 23:39:38,972 - INFO - No async queries seem to be running, deleting session
2025-07-29 23:39:41,422 - INFO - Snowflake Connector for Python Version: 3.13.2, Python Version: 3.13.2, Platform: Windows-11-10.0.26100-SP0
2025-07-29 23:39:41,423 - INFO - Connecting to GLOBAL Snowflake domain
2025-07-29 23:39:41,423 - INFO - This connection is in OCSP Fail Open Mode. TLS Certificates would be checked for validity and revocation status. Any other Certificate Revocation related exceptions or OCSP Responder failures would be disregarded in favor of connectivity.
2025-07-29 23:39:41,872 - INFO - Verified or created output table.
2025-07-29 23:39:42,235 - ERROR - Failed to write to Snowflake: ("Could not convert '154663' with type str: tried to convert to int64", 'Conversion failed for column AWS_CODE with type object')
2025-07-29 23:39:42,235 - INFO - closed
2025-07-29 23:39:42,261 - INFO - No async queries seem to be running, deleting session
2025-07-29 23:58:17,615 - INFO - Starting Allocation Rule Engine (Snowflake mode)
2025-07-29 23:58:17,658 - INFO - Snowflake Connector for Python Version: 3.13.2, Python Version: 3.13.2, Platform: Windows-11-10.0.26100-SP0
2025-07-29 23:58:17,658 - INFO - Connecting to GLOBAL Snowflake domain
2025-07-29 23:58:17,658 - INFO - This connection is in OCSP Fail Open Mode. TLS Certificates would be checked for validity and revocation status. Any other Certificate Revocation related exceptions or OCSP Responder failures would be disregarded in favor of connectivity.
2025-07-29 23:58:23,014 - INFO - closed
2025-07-29 23:58:23,033 - INFO - No async queries seem to be running, deleting session
2025-07-29 23:58:23,124 - INFO - Snowflake Connector for Python Version: 3.13.2, Python Version: 3.13.2, Platform: Windows-11-10.0.26100-SP0
2025-07-29 23:58:23,124 - INFO - Connecting to GLOBAL Snowflake domain
2025-07-29 23:58:23,124 - INFO - This connection is in OCSP Fail Open Mode. TLS Certificates would be checked for validity and revocation status. Any other Certificate Revocation related exceptions or OCSP Responder failures would be disregarded in favor of connectivity.
2025-07-29 23:58:24,192 - INFO - closed
2025-07-29 23:58:24,213 - INFO - No async queries seem to be running, deleting session
2025-07-29 23:58:24,435 - INFO - Snowflake Connector for Python Version: 3.13.2, Python Version: 3.13.2, Platform: Windows-11-10.0.26100-SP0
2025-07-29 23:58:24,436 - INFO - Connecting to GLOBAL Snowflake domain
2025-07-29 23:58:24,436 - INFO - This connection is in OCSP Fail Open Mode. TLS Certificates would be checked for validity and revocation status. Any other Certificate Revocation related exceptions or OCSP Responder failures would be disregarded in favor of connectivity.
2025-07-29 23:58:24,762 - INFO - closed
2025-07-29 23:58:25,014 - INFO - No async queries seem to be running, deleting session
2025-07-29 23:58:27,293 - INFO - Snowflake Connector for Python Version: 3.13.2, Python Version: 3.13.2, Platform: Windows-11-10.0.26100-SP0
2025-07-29 23:58:27,293 - INFO - Connecting to GLOBAL Snowflake domain
2025-07-29 23:58:27,294 - INFO - This connection is in OCSP Fail Open Mode. TLS Certificates would be checked for validity and revocation status. Any other Certificate Revocation related exceptions or OCSP Responder failures would be disregarded in favor of connectivity.
2025-07-29 23:58:27,615 - INFO - Verified or created output table.
2025-07-29 23:58:28,649 - ERROR - Failed to write to Snowflake: 000904 (42000): 01be0494-0001-2e6d-0003-77f604f36c1a: SQL compilation error: error line 1 at position 128
invalid identifier '"Allocation_Status"'
2025-07-29 23:58:28,649 - INFO - closed
2025-07-29 23:58:28,675 - INFO - No async queries seem to be running, deleting session
2025-07-30 00:03:32,918 - INFO - Starting Allocation Rule Engine (Snowflake mode)
2025-07-30 00:03:32,964 - INFO - Snowflake Connector for Python Version: 3.13.2, Python Version: 3.13.2, Platform: Windows-11-10.0.26100-SP0
2025-07-30 00:03:32,965 - INFO - Connecting to GLOBAL Snowflake domain
2025-07-30 00:03:32,965 - INFO - This connection is in OCSP Fail Open Mode. TLS Certificates would be checked for validity and revocation status. Any other Certificate Revocation related exceptions or OCSP Responder failures would be disregarded in favor of connectivity.
2025-07-30 00:03:34,512 - INFO - closed
2025-07-30 00:03:34,532 - INFO - No async queries seem to be running, deleting session
2025-07-30 00:03:34,613 - INFO - Snowflake Connector for Python Version: 3.13.2, Python Version: 3.13.2, Platform: Windows-11-10.0.26100-SP0
2025-07-30 00:03:34,614 - INFO - Connecting to GLOBAL Snowflake domain
2025-07-30 00:03:34,614 - INFO - This connection is in OCSP Fail Open Mode. TLS Certificates would be checked for validity and revocation status. Any other Certificate Revocation related exceptions or OCSP Responder failures would be disregarded in favor of connectivity.
2025-07-30 00:03:35,413 - INFO - closed
2025-07-30 00:03:35,439 - INFO - No async queries seem to be running, deleting session
2025-07-30 00:03:35,559 - INFO - Snowflake Connector for Python Version: 3.13.2, Python Version: 3.13.2, Platform: Windows-11-10.0.26100-SP0
2025-07-30 00:03:35,559 - INFO - Connecting to GLOBAL Snowflake domain
2025-07-30 00:03:35,559 - INFO - This connection is in OCSP Fail Open Mode. TLS Certificates would be checked for validity and revocation status. Any other Certificate Revocation related exceptions or OCSP Responder failures would be disregarded in favor of connectivity.
2025-07-30 00:03:35,832 - INFO - closed
2025-07-30 00:03:35,873 - INFO - No async queries seem to be running, deleting session
2025-07-30 00:03:38,093 - INFO - Snowflake Connector for Python Version: 3.13.2, Python Version: 3.13.2, Platform: Windows-11-10.0.26100-SP0
2025-07-30 00:03:38,093 - INFO - Connecting to GLOBAL Snowflake domain
2025-07-30 00:03:38,093 - INFO - This connection is in OCSP Fail Open Mode. TLS Certificates would be checked for validity and revocation status. Any other Certificate Revocation related exceptions or OCSP Responder failures would be disregarded in favor of connectivity.
2025-07-30 00:03:39,466 - INFO - Verified or created output table.
2025-07-30 00:03:40,540 - ERROR - Failed to write to Snowflake: 000904 (42000): 01be0499-0001-2e8b-0003-77f604f34e92: SQL compilation error: error line 1 at position 128
invalid identifier '"Allocation_Status"'
2025-07-30 00:03:40,540 - INFO - closed
2025-07-30 00:03:40,558 - INFO - No async queries seem to be running, deleting session
2025-07-30 00:07:40,979 - INFO - Starting Allocation Rule Engine (Snowflake mode)
2025-07-30 00:07:41,029 - INFO - Snowflake Connector for Python Version: 3.13.2, Python Version: 3.13.2, Platform: Windows-11-10.0.26100-SP0
2025-07-30 00:07:41,029 - INFO - Connecting to GLOBAL Snowflake domain
2025-07-30 00:07:41,029 - INFO - This connection is in OCSP Fail Open Mode. TLS Certificates would be checked for validity and revocation status. Any other Certificate Revocation related exceptions or OCSP Responder failures would be disregarded in favor of connectivity.
2025-07-30 00:07:42,558 - INFO - closed
2025-07-30 00:07:42,581 - INFO - No async queries seem to be running, deleting session
2025-07-30 00:07:42,657 - INFO - Snowflake Connector for Python Version: 3.13.2, Python Version: 3.13.2, Platform: Windows-11-10.0.26100-SP0
2025-07-30 00:07:42,657 - INFO - Connecting to GLOBAL Snowflake domain
2025-07-30 00:07:42,657 - INFO - This connection is in OCSP Fail Open Mode. TLS Certificates would be checked for validity and revocation status. Any other Certificate Revocation related exceptions or OCSP Responder failures would be disregarded in favor of connectivity.
2025-07-30 00:07:43,176 - INFO - closed
2025-07-30 00:07:43,192 - INFO - No async queries seem to be running, deleting session
2025-07-30 00:07:43,303 - INFO - Snowflake Connector for Python Version: 3.13.2, Python Version: 3.13.2, Platform: Windows-11-10.0.26100-SP0
2025-07-30 00:07:43,303 - INFO - Connecting to GLOBAL Snowflake domain
2025-07-30 00:07:43,303 - INFO - This connection is in OCSP Fail Open Mode. TLS Certificates would be checked for validity and revocation status. Any other Certificate Revocation related exceptions or OCSP Responder failures would be disregarded in favor of connectivity.
2025-07-30 00:07:43,527 - INFO - closed
2025-07-30 00:07:43,551 - INFO - No async queries seem to be running, deleting session
2025-07-30 00:07:45,790 - INFO - Snowflake Connector for Python Version: 3.13.2, Python Version: 3.13.2, Platform: Windows-11-10.0.26100-SP0
2025-07-30 00:07:45,794 - INFO - Connecting to GLOBAL Snowflake domain
2025-07-30 00:07:45,794 - INFO - This connection is in OCSP Fail Open Mode. TLS Certificates would be checked for validity and revocation status. Any other Certificate Revocation related exceptions or OCSP Responder failures would be disregarded in favor of connectivity.
2025-07-30 00:07:46,117 - INFO - Verified or created output table.
2025-07-30 00:07:48,114 - INFO - Data written to RAW.MIS_DATA.AUTO_ALLOCATION_OUTPUT: 16874 rows
2025-07-30 00:07:48,114 - INFO - closed
2025-07-30 00:07:48,134 - INFO - No async queries seem to be running, deleting session
2025-07-30 00:07:48,162 - INFO - Exported results to Snowflake successfully.
2025-07-30 00:11:32,583 - INFO - Starting Allocation Rule Engine (Snowflake mode)
2025-07-30 00:11:32,627 - INFO - Snowflake Connector for Python Version: 3.13.2, Python Version: 3.13.2, Platform: Windows-11-10.0.26100-SP0
2025-07-30 00:11:32,627 - INFO - Connecting to GLOBAL Snowflake domain
2025-07-30 00:11:32,627 - INFO - This connection is in OCSP Fail Open Mode. TLS Certificates would be checked for validity and revocation status. Any other Certificate Revocation related exceptions or OCSP Responder failures would be disregarded in favor of connectivity.
2025-07-30 00:11:34,058 - INFO - closed
2025-07-30 00:11:34,080 - INFO - No async queries seem to be running, deleting session
2025-07-30 00:11:34,271 - INFO - Snowflake Connector for Python Version: 3.13.2, Python Version: 3.13.2, Platform: Windows-11-10.0.26100-SP0
2025-07-30 00:11:34,271 - INFO - Connecting to GLOBAL Snowflake domain
2025-07-30 00:11:34,271 - INFO - This connection is in OCSP Fail Open Mode. TLS Certificates would be checked for validity and revocation status. Any other Certificate Revocation related exceptions or OCSP Responder failures would be disregarded in favor of connectivity.
2025-07-30 00:11:34,754 - INFO - closed
2025-07-30 00:11:34,774 - INFO - No async queries seem to be running, deleting session
2025-07-30 00:11:34,853 - INFO - Snowflake Connector for Python Version: 3.13.2, Python Version: 3.13.2, Platform: Windows-11-10.0.26100-SP0
2025-07-30 00:11:34,854 - INFO - Connecting to GLOBAL Snowflake domain
2025-07-30 00:11:34,854 - INFO - This connection is in OCSP Fail Open Mode. TLS Certificates would be checked for validity and revocation status. Any other Certificate Revocation related exceptions or OCSP Responder failures would be disregarded in favor of connectivity.
2025-07-30 00:11:35,076 - INFO - closed
2025-07-30 00:11:35,099 - INFO - No async queries seem to be running, deleting session
2025-07-30 00:11:37,387 - INFO - Snowflake Connector for Python Version: 3.13.2, Python Version: 3.13.2, Platform: Windows-11-10.0.26100-SP0
2025-07-30 00:11:37,387 - INFO - Connecting to GLOBAL Snowflake domain
2025-07-30 00:11:37,388 - INFO - This connection is in OCSP Fail Open Mode. TLS Certificates would be checked for validity and revocation status. Any other Certificate Revocation related exceptions or OCSP Responder failures would be disregarded in favor of connectivity.
2025-07-30 00:11:37,737 - INFO - Verified or created output table.
2025-07-30 00:11:40,063 - INFO - Data written to RAW.MIS_DATA.AUTO_ALLOCATION_OUTPUT: 16874 rows
2025-07-30 00:11:40,063 - INFO - closed
2025-07-30 00:11:40,105 - INFO - No async queries seem to be running, deleting session
2025-07-30 00:11:40,136 - INFO - Exported results to Snowflake successfully.
