2025-07-28 01:08:19,946 - INFO - Adding job tentatively -- it will be properly scheduled when the scheduler starts
2025-07-28 01:08:19,947 - INFO - Scheduler started.
2025-07-28 01:08:19,950 - INFO - Added job "run_allocation_job" to job store "default"
2025-07-28 01:08:19,950 - INFO - Scheduler started
2025-07-28 01:39:34,699 - INFO - Service started at 2025-07-28 01:39:34.699246
2025-07-28 01:39:34,724 - INFO - Adding job tentatively -- it will be properly scheduled when the scheduler starts
2025-07-28 01:39:34,726 - INFO - Added job "run_job" to job store "default"
2025-07-28 01:39:34,727 - INFO - Scheduler started
2025-07-28 01:39:34,728 - INFO - Scheduler started and job scheduled.
2025-07-28 02:00:20,242 - INFO - Scheduler stopped.
2025-07-28 02:00:21,826 - INFO - Service started at 2025-07-28 02:00:21.826402
2025-07-28 02:00:21,842 - INFO - Adding job tentatively -- it will be properly scheduled when the scheduler starts
2025-07-28 02:00:21,843 - INFO - Added job "run_job" to job store "default"
2025-07-28 02:00:21,844 - INFO - Scheduler started
2025-07-28 02:00:21,885 - INFO - Scheduler started and job scheduled.
2025-07-28 02:10:00,013 - INFO - Running job "run_job (trigger: cron[minute='10'], next run at: 2025-07-28 02:10:00 IST)" (scheduled at 2025-07-28 02:10:00+05:30)
2025-07-28 02:10:00,014 - INFO - Running Allocation Rule Engine job
2025-07-28 02:10:00,015 - INFO - Starting Allocation Rule Engine
2025-07-28 02:11:45,514 - INFO - Exported results to C:\Users\kpras\\Desktop\Auto_allocation.xlsx
2025-07-28 02:11:45,520 - INFO - Job completed successfully
2025-07-28 02:11:45,521 - INFO - Job "run_job (trigger: cron[minute='10'], next run at: 2025-07-28 03:10:00 IST)" executed successfully
