2025-09-01 17:10:42,186 - INFO - Starting Status Mailer (Snowflake mode)
2025-09-01 17:10:42,235 - INFO - Snowflake Connector for Python Version: 3.13.2, Python Version: 3.13.7, Platform: Windows-11-10.0.26100-SP0
2025-09-01 17:10:42,236 - INFO - Connecting to GLOBAL Snowflake domain
2025-09-01 17:10:42,236 - INFO - This connection is in OCSP Fail Open Mode. TLS Certificates would be checked for validity and revocation status. Any other Certificate Revocation related exceptions or OCSP Responder failures would be disregarded in favor of connectivity.
2025-09-01 17:10:45,656 - INFO - closed
2025-09-01 17:10:45,683 - INFO - No async queries seem to be running, deleting session
2025-09-01 17:10:45,745 - INFO - etched latest transaction dates successfully.
2025-09-01 18:32:02,522 - INFO - Starting Status Mailer (Snowflake + Outlook)
2025-09-01 18:32:02,523 - ERROR - Status Mailer failed: 'recipients'
2025-09-01 18:32:35,626 - INFO - Starting Status Mailer (Snowflake + Outlook)
2025-09-01 18:32:35,672 - INFO - Snowflake Connector for Python Version: 3.13.2, Python Version: 3.13.7, Platform: Windows-11-10.0.26100-SP0
2025-09-01 18:32:35,672 - INFO - Connecting to GLOBAL Snowflake domain
2025-09-01 18:32:35,673 - INFO - This connection is in OCSP Fail Open Mode. TLS Certificates would be checked for validity and revocation status. Any other Certificate Revocation related exceptions or OCSP Responder failures would be disregarded in favor of connectivity.
2025-09-01 18:32:36,544 - INFO - closed
2025-09-01 18:32:36,575 - INFO - No async queries seem to be running, deleting session
2025-09-01 18:32:36,645 - INFO - Fetched latest transaction dates successfully.
2025-09-01 18:32:37,617 - INFO - Email sent successfully via Outlook.
2025-09-01 18:55:41,277 - INFO - Starting Status Mailer (Snowflake + Outlook)
2025-09-01 18:55:41,321 - INFO - Snowflake Connector for Python Version: 3.13.2, Python Version: 3.13.7, Platform: Windows-11-10.0.26100-SP0
2025-09-01 18:55:41,322 - INFO - Connecting to GLOBAL Snowflake domain
2025-09-01 18:55:41,322 - INFO - This connection is in OCSP Fail Open Mode. TLS Certificates would be checked for validity and revocation status. Any other Certificate Revocation related exceptions or OCSP Responder failures would be disregarded in favor of connectivity.
2025-09-01 18:55:44,708 - INFO - closed
2025-09-01 18:55:44,765 - INFO - No async queries seem to be running, deleting session
2025-09-01 18:55:44,985 - INFO - Fetched latest transaction dates successfully.
2025-09-01 18:55:46,093 - INFO - Email sent successfully via Outlook.
2025-09-01 18:59:07,869 - INFO - Starting Status Mailer (Snowflake + Outlook)
2025-09-01 18:59:07,913 - INFO - Snowflake Connector for Python Version: 3.13.2, Python Version: 3.13.7, Platform: Windows-11-10.0.26100-SP0
2025-09-01 18:59:07,913 - INFO - Connecting to GLOBAL Snowflake domain
2025-09-01 18:59:07,914 - INFO - This connection is in OCSP Fail Open Mode. TLS Certificates would be checked for validity and revocation status. Any other Certificate Revocation related exceptions or OCSP Responder failures would be disregarded in favor of connectivity.
2025-09-01 18:59:09,495 - INFO - closed
2025-09-01 18:59:09,519 - INFO - No async queries seem to be running, deleting session
2025-09-01 18:59:09,578 - INFO - Fetched latest transaction dates successfully.
2025-09-01 18:59:10,422 - INFO - Email sent successfully via Outlook.
2025-09-01 18:59:44,660 - INFO - Starting Status Mailer (Snowflake + Outlook)
2025-09-01 18:59:44,704 - INFO - Snowflake Connector for Python Version: 3.13.2, Python Version: 3.13.7, Platform: Windows-11-10.0.26100-SP0
2025-09-01 18:59:44,704 - INFO - Connecting to GLOBAL Snowflake domain
2025-09-01 18:59:44,704 - INFO - This connection is in OCSP Fail Open Mode. TLS Certificates would be checked for validity and revocation status. Any other Certificate Revocation related exceptions or OCSP Responder failures would be disregarded in favor of connectivity.
2025-09-01 18:59:45,453 - INFO - closed
2025-09-01 18:59:45,521 - INFO - No async queries seem to be running, deleting session
2025-09-01 18:59:45,624 - INFO - Fetched latest transaction dates successfully.
2025-09-01 18:59:46,443 - INFO - Email sent successfully via Outlook.
2025-09-02 19:15:02,543 - INFO - Starting Status Mailer (Snowflake + Outlook)
2025-09-02 19:15:02,604 - INFO - Snowflake Connector for Python Version: 3.13.2, Python Version: 3.13.7, Platform: Windows-11-10.0.26100-SP0
2025-09-02 19:15:02,605 - INFO - Connecting to GLOBAL Snowflake domain
2025-09-02 19:15:02,605 - INFO - This connection is in OCSP Fail Open Mode. TLS Certificates would be checked for validity and revocation status. Any other Certificate Revocation related exceptions or OCSP Responder failures would be disregarded in favor of connectivity.
2025-09-02 19:15:07,627 - INFO - closed
2025-09-02 19:15:07,712 - INFO - No async queries seem to be running, deleting session
2025-09-02 19:15:07,756 - INFO - Fetched latest transaction dates successfully.
2025-09-02 19:15:08,834 - INFO - Email sent successfully via Outlook.
2025-09-03 00:56:45,772 - INFO - Starting Status Mailer (Snowflake + Outlook)
2025-09-03 00:56:45,851 - INFO - Snowflake Connector for Python Version: 3.13.2, Python Version: 3.13.7, Platform: Windows-11-10.0.26100-SP0
2025-09-03 00:56:45,852 - INFO - Connecting to GLOBAL Snowflake domain
2025-09-03 00:56:45,852 - INFO - This connection is in OCSP Fail Open Mode. TLS Certificates would be checked for validity and revocation status. Any other Certificate Revocation related exceptions or OCSP Responder failures would be disregarded in favor of connectivity.
2025-09-03 00:56:47,514 - INFO - closed
2025-09-03 00:56:47,549 - INFO - No async queries seem to be running, deleting session
2025-09-03 00:56:47,601 - INFO - Fetched latest transaction dates successfully.
2025-09-03 00:56:48,757 - INFO - Email sent successfully via Outlook.
2025-09-03 01:02:22,573 - INFO - Starting Status Mailer (Snowflake + Outlook)
2025-09-03 01:02:22,616 - INFO - Snowflake Connector for Python Version: 3.13.2, Python Version: 3.13.7, Platform: Windows-11-10.0.26100-SP0
2025-09-03 01:02:22,617 - INFO - Connecting to GLOBAL Snowflake domain
2025-09-03 01:02:22,617 - INFO - This connection is in OCSP Fail Open Mode. TLS Certificates would be checked for validity and revocation status. Any other Certificate Revocation related exceptions or OCSP Responder failures would be disregarded in favor of connectivity.
2025-09-03 01:02:25,402 - INFO - closed
2025-09-03 01:02:25,453 - INFO - No async queries seem to be running, deleting session
2025-09-03 01:02:25,524 - INFO - Fetched latest transaction dates successfully.
2025-09-03 01:02:26,769 - INFO - Email sent successfully via Outlook.
2025-09-03 22:02:58,345 - INFO - Starting Status Mailer (Snowflake + Outlook)
2025-09-03 22:02:58,627 - INFO - Snowflake Connector for Python Version: 3.13.2, Python Version: 3.13.7, Platform: Windows-11-10.0.26100-SP0
2025-09-03 22:02:58,628 - INFO - Connecting to GLOBAL Snowflake domain
2025-09-03 22:02:58,628 - INFO - This connection is in OCSP Fail Open Mode. TLS Certificates would be checked for validity and revocation status. Any other Certificate Revocation related exceptions or OCSP Responder failures would be disregarded in favor of connectivity.
2025-09-03 22:03:05,195 - INFO - closed
2025-09-03 22:03:05,264 - INFO - No async queries seem to be running, deleting session
2025-09-03 22:03:05,337 - INFO - Fetched latest transaction dates successfully.
2025-09-03 22:03:05,855 - ERROR - Status Mailer failed: name 'config' is not defined
2025-09-03 22:05:26,832 - INFO - Starting Status Mailer (Snowflake + Outlook)
2025-09-03 22:05:26,887 - INFO - Snowflake Connector for Python Version: 3.13.2, Python Version: 3.13.7, Platform: Windows-11-10.0.26100-SP0
2025-09-03 22:05:26,888 - INFO - Connecting to GLOBAL Snowflake domain
2025-09-03 22:05:26,888 - INFO - This connection is in OCSP Fail Open Mode. TLS Certificates would be checked for validity and revocation status. Any other Certificate Revocation related exceptions or OCSP Responder failures would be disregarded in favor of connectivity.
2025-09-03 22:05:27,829 - INFO - closed
2025-09-03 22:05:27,900 - INFO - No async queries seem to be running, deleting session
2025-09-03 22:05:27,978 - INFO - Fetched latest transaction dates successfully.
2025-09-03 22:05:28,508 - ERROR - Status Mailer failed: No section: 'OUTLOOK'
2025-09-03 22:06:28,034 - INFO - Starting Status Mailer (Snowflake + Outlook)
2025-09-03 22:06:28,094 - INFO - Snowflake Connector for Python Version: 3.13.2, Python Version: 3.13.7, Platform: Windows-11-10.0.26100-SP0
2025-09-03 22:06:28,095 - INFO - Connecting to GLOBAL Snowflake domain
2025-09-03 22:06:28,095 - INFO - This connection is in OCSP Fail Open Mode. TLS Certificates would be checked for validity and revocation status. Any other Certificate Revocation related exceptions or OCSP Responder failures would be disregarded in favor of connectivity.
2025-09-03 22:06:29,120 - INFO - closed
2025-09-03 22:06:29,153 - INFO - No async queries seem to be running, deleting session
2025-09-03 22:06:29,247 - INFO - Fetched latest transaction dates successfully.
2025-09-03 22:06:29,869 - ERROR - Failed to send email: 400 {"error":{"code":"BadRequest","message":"Property toRecipients in payload has a value that does not match schema.","innerError":{"date":"2025-09-03T16:36:28","request-id":"8203ae49-71c0-4ba9-b761-8b9d245fd578","client-request-id":"8203ae49-71c0-4ba9-b761-8b9d245fd578"}}}
2025-09-03 22:11:50,041 - INFO - Starting Status Mailer (Snowflake + Outlook)
2025-09-03 22:11:50,106 - INFO - Snowflake Connector for Python Version: 3.13.2, Python Version: 3.13.7, Platform: Windows-11-10.0.26100-SP0
2025-09-03 22:11:50,106 - INFO - Connecting to GLOBAL Snowflake domain
2025-09-03 22:11:50,106 - INFO - This connection is in OCSP Fail Open Mode. TLS Certificates would be checked for validity and revocation status. Any other Certificate Revocation related exceptions or OCSP Responder failures would be disregarded in favor of connectivity.
2025-09-03 22:11:51,301 - INFO - closed
2025-09-03 22:11:51,371 - INFO - No async queries seem to be running, deleting session
2025-09-03 22:11:51,439 - INFO - Fetched latest transaction dates successfully.
2025-09-03 22:11:52,914 - INFO - Email sent successfully via Outlook.
2025-09-03 22:30:21,130 - INFO - Starting Status Mailer (Snowflake + Outlook)
2025-09-03 22:30:21,189 - INFO - Snowflake Connector for Python Version: 3.13.2, Python Version: 3.13.7, Platform: Windows-11-10.0.26100-SP0
2025-09-03 22:30:21,189 - INFO - Connecting to GLOBAL Snowflake domain
2025-09-03 22:30:21,189 - INFO - This connection is in OCSP Fail Open Mode. TLS Certificates would be checked for validity and revocation status. Any other Certificate Revocation related exceptions or OCSP Responder failures would be disregarded in favor of connectivity.
2025-09-03 22:30:25,009 - INFO - closed
2025-09-03 22:30:25,129 - INFO - No async queries seem to be running, deleting session
2025-09-03 22:30:25,254 - INFO - Fetched latest transaction dates successfully.
2025-09-03 22:30:26,824 - INFO - Email sent successfully via Outlook.
2025-09-03 22:31:54,344 - INFO - Starting Status Mailer (Snowflake + Outlook)
2025-09-03 22:31:54,409 - INFO - Snowflake Connector for Python Version: 3.13.2, Python Version: 3.13.7, Platform: Windows-11-10.0.26100-SP0
2025-09-03 22:31:54,409 - INFO - Connecting to GLOBAL Snowflake domain
2025-09-03 22:31:54,409 - INFO - This connection is in OCSP Fail Open Mode. TLS Certificates would be checked for validity and revocation status. Any other Certificate Revocation related exceptions or OCSP Responder failures would be disregarded in favor of connectivity.
2025-09-03 22:31:55,925 - INFO - closed
2025-09-03 22:31:55,982 - INFO - No async queries seem to be running, deleting session
2025-09-03 22:31:56,030 - INFO - Fetched latest transaction dates successfully.
2025-09-03 22:31:56,894 - INFO - Email sent successfully via Outlook.
2025-09-03 22:33:22,722 - INFO - Starting Status Mailer (Snowflake + Outlook)
2025-09-03 22:33:22,781 - INFO - Snowflake Connector for Python Version: 3.13.2, Python Version: 3.13.7, Platform: Windows-11-10.0.26100-SP0
2025-09-03 22:33:22,781 - INFO - Connecting to GLOBAL Snowflake domain
2025-09-03 22:33:22,781 - INFO - This connection is in OCSP Fail Open Mode. TLS Certificates would be checked for validity and revocation status. Any other Certificate Revocation related exceptions or OCSP Responder failures would be disregarded in favor of connectivity.
2025-09-03 22:33:24,015 - INFO - closed
2025-09-03 22:33:24,066 - INFO - No async queries seem to be running, deleting session
2025-09-03 22:33:24,095 - INFO - Fetched latest transaction dates successfully.
2025-09-03 22:33:24,782 - INFO - Email sent successfully via Outlook.
2025-09-03 22:36:23,987 - INFO - Starting Status Mailer (Snowflake + Outlook)
2025-09-03 22:36:24,048 - INFO - Snowflake Connector for Python Version: 3.13.2, Python Version: 3.13.7, Platform: Windows-11-10.0.26100-SP0
2025-09-03 22:36:24,049 - INFO - Connecting to GLOBAL Snowflake domain
2025-09-03 22:36:24,049 - INFO - This connection is in OCSP Fail Open Mode. TLS Certificates would be checked for validity and revocation status. Any other Certificate Revocation related exceptions or OCSP Responder failures would be disregarded in favor of connectivity.
2025-09-03 22:36:24,926 - INFO - closed
2025-09-03 22:36:24,951 - INFO - No async queries seem to be running, deleting session
2025-09-03 22:36:25,031 - INFO - Fetched latest transaction dates successfully.
2025-09-03 22:36:25,835 - INFO - Email sent successfully via Outlook.
2025-09-04 22:26:59,512 - INFO - Starting Status Mailer (Snowflake + Outlook)
2025-09-04 22:26:59,595 - INFO - Snowflake Connector for Python Version: 3.13.2, Python Version: 3.13.7, Platform: Windows-11-10.0.26100-SP0
2025-09-04 22:26:59,596 - INFO - Connecting to GLOBAL Snowflake domain
2025-09-04 22:26:59,596 - INFO - This connection is in OCSP Fail Open Mode. TLS Certificates would be checked for validity and revocation status. Any other Certificate Revocation related exceptions or OCSP Responder failures would be disregarded in favor of connectivity.
2025-09-04 22:27:05,708 - INFO - closed
2025-09-04 22:27:05,741 - INFO - No async queries seem to be running, deleting session
2025-09-04 22:27:05,805 - INFO - Fetched latest transaction dates successfully.
2025-09-04 22:27:06,047 - INFO - Snowflake Connector for Python Version: 3.13.2, Python Version: 3.13.7, Platform: Windows-11-10.0.26100-SP0
2025-09-04 22:27:06,047 - INFO - Connecting to GLOBAL Snowflake domain
2025-09-04 22:27:06,048 - INFO - This connection is in OCSP Fail Open Mode. TLS Certificates would be checked for validity and revocation status. Any other Certificate Revocation related exceptions or OCSP Responder failures would be disregarded in favor of connectivity.
2025-09-04 22:27:06,964 - INFO - closed
2025-09-04 22:27:07,038 - INFO - No async queries seem to be running, deleting session
2025-09-04 22:27:07,073 - ERROR - Status Mailer failed: Execution failed on sql '
SELECT
    'Rieom' AS "Entity",
    'Citibank' AS "Bank",
    TO_VARCHAR(TO_DATE(TO_TIMESTAMP(SPLIT_PART(TRANSACTION_POSTED_DATE, ' ', 1) || ' ' ||SPLIT_PART(TRANSACTION_POSTED_DATE, ' ', 2),'DD/MM/YYYY HH24:MI:SS')),'DD/MM/YYYY') AS "Transaction Date",
    TRANSACTION_REMARKS,
    TRANSACTION_TYPE FROM GROUP_SHARE_INDIA.FINANCE.MARTS_CASH_FLOW_CITI
    WHERE NEW_CATEGORY = 'Other'
    ORDER BY GLOBAL_RANK

UNION ALL

SELECT 
    'Rieom' AS "Entity",
    'HDFC Bank' AS "Bank",
    TO_VARCHAR(TO_DATE(TO_TIMESTAMP(SPLIT_PART(TRANSACTION_POSTED_DATE, ' ', 1) || ' ' ||SPLIT_PART(TRANSACTION_POSTED_DATE, ' ', 2),'DD/MM/YYYY HH24:MI:SS')),'DD/MM/YYYY') AS "Transaction Date",
    TRANSACTION_REMARKS,
    TRANSACTION_TYPE
    FROM GROUP_SHARE_INDIA.FINANCE.MARTS_CASH_FLOW_HDFC
    WHERE NEW_CATEGORY = 'Other'
    ORDER BY GLOBAL_RANK

UNION ALL

SELECT
    'Rieom' AS "Entity",
    'ICICI Bank' AS "Bank",
    TO_VARCHAR(TO_DATE(TO_TIMESTAMP(SPLIT_PART(TRANSACTION_POSTED_DATE, ' ', 1) || ' ' ||SPLIT_PART(TRANSACTION_POSTED_DATE, ' ', 2),'DD/MM/YYYY HH24:MI:SS')),'DD/MM/YYYY') AS "Transaction Date",
    TRANSACTION_REMARKS,
    TRANSACTION_TYPE
    FROM GROUP_SHARE_INDIA.FINANCE.MARTS_CASH_FLOW_ICICI
    WHERE NEW_CATEGORY = 'Other'
    ORDER BY GLOBAL_RANK

UNION ALL

SELECT
    'Rieom' AS "Entity",
    'Saraswat Bank' AS "Bank",
    TO_VARCHAR(TO_DATE(TO_TIMESTAMP(SPLIT_PART(TRANSACTION_POSTED_DATE, ' ', 1) || ' ' ||SPLIT_PART(TRANSACTION_POSTED_DATE, ' ', 2),'DD/MM/YYYY HH24:MI:SS')),'DD/MM/YYYY') AS "Transaction Date",
    TRANSACTION_REMARKS,
    TRANSACTION_TYPE
    FROM GROUP_SHARE_INDIA.FINANCE.MARTS_CASH_FLOW_SARAS
    WHERE NEW_CATEGORY = 'Other'
    ORDER BY GLOBAL_RANK
': 001003 (42000): 01bed459-0001-3f24-0003-77f60519139e: SQL compilation error:
syntax error line 10 at position 0 unexpected 'UNION'.
2025-09-04 22:32:32,955 - INFO - Starting Status Mailer (Snowflake + Outlook)
2025-09-04 22:32:33,025 - INFO - Snowflake Connector for Python Version: 3.13.2, Python Version: 3.13.7, Platform: Windows-11-10.0.26100-SP0
2025-09-04 22:32:33,025 - INFO - Connecting to GLOBAL Snowflake domain
2025-09-04 22:32:33,025 - INFO - This connection is in OCSP Fail Open Mode. TLS Certificates would be checked for validity and revocation status. Any other Certificate Revocation related exceptions or OCSP Responder failures would be disregarded in favor of connectivity.
2025-09-04 22:32:33,896 - INFO - closed
2025-09-04 22:32:33,929 - INFO - No async queries seem to be running, deleting session
2025-09-04 22:32:33,999 - INFO - Fetched latest transaction dates successfully.
2025-09-04 22:32:34,052 - INFO - Snowflake Connector for Python Version: 3.13.2, Python Version: 3.13.7, Platform: Windows-11-10.0.26100-SP0
2025-09-04 22:32:34,053 - INFO - Connecting to GLOBAL Snowflake domain
2025-09-04 22:32:34,053 - INFO - This connection is in OCSP Fail Open Mode. TLS Certificates would be checked for validity and revocation status. Any other Certificate Revocation related exceptions or OCSP Responder failures would be disregarded in favor of connectivity.
2025-09-04 22:32:34,732 - INFO - closed
2025-09-04 22:32:34,749 - INFO - No async queries seem to be running, deleting session
2025-09-04 22:32:34,808 - INFO - Fetched unmapped records successfully.
2025-09-04 22:32:36,539 - INFO - Email sent successfully via Outlook.
2025-09-04 22:35:33,146 - INFO - Starting Status Mailer (Snowflake + Outlook)
2025-09-04 22:35:33,206 - INFO - Snowflake Connector for Python Version: 3.13.2, Python Version: 3.13.7, Platform: Windows-11-10.0.26100-SP0
2025-09-04 22:35:33,206 - INFO - Connecting to GLOBAL Snowflake domain
2025-09-04 22:35:33,206 - INFO - This connection is in OCSP Fail Open Mode. TLS Certificates would be checked for validity and revocation status. Any other Certificate Revocation related exceptions or OCSP Responder failures would be disregarded in favor of connectivity.
2025-09-04 22:35:34,046 - INFO - closed
2025-09-04 22:35:34,109 - INFO - No async queries seem to be running, deleting session
2025-09-04 22:35:34,151 - INFO - Fetched latest transaction dates successfully.
2025-09-04 22:35:34,211 - INFO - Snowflake Connector for Python Version: 3.13.2, Python Version: 3.13.7, Platform: Windows-11-10.0.26100-SP0
2025-09-04 22:35:34,212 - INFO - Connecting to GLOBAL Snowflake domain
2025-09-04 22:35:34,212 - INFO - This connection is in OCSP Fail Open Mode. TLS Certificates would be checked for validity and revocation status. Any other Certificate Revocation related exceptions or OCSP Responder failures would be disregarded in favor of connectivity.
2025-09-04 22:35:34,728 - INFO - closed
2025-09-04 22:35:34,759 - INFO - No async queries seem to be running, deleting session
2025-09-04 22:35:34,834 - INFO - Fetched unmapped records successfully.
2025-09-04 22:35:35,548 - INFO - Email sent successfully via Outlook.
2025-09-04 22:40:53,872 - INFO - Starting Status Mailer (Snowflake + Outlook)
2025-09-04 22:40:53,930 - INFO - Snowflake Connector for Python Version: 3.13.2, Python Version: 3.13.7, Platform: Windows-11-10.0.26100-SP0
2025-09-04 22:40:53,931 - INFO - Connecting to GLOBAL Snowflake domain
2025-09-04 22:40:53,931 - INFO - This connection is in OCSP Fail Open Mode. TLS Certificates would be checked for validity and revocation status. Any other Certificate Revocation related exceptions or OCSP Responder failures would be disregarded in favor of connectivity.
2025-09-04 22:40:54,729 - INFO - closed
2025-09-04 22:40:54,758 - INFO - No async queries seem to be running, deleting session
2025-09-04 22:40:54,828 - INFO - Fetched latest transaction dates successfully.
2025-09-04 22:40:54,887 - INFO - Snowflake Connector for Python Version: 3.13.2, Python Version: 3.13.7, Platform: Windows-11-10.0.26100-SP0
2025-09-04 22:40:54,888 - INFO - Connecting to GLOBAL Snowflake domain
2025-09-04 22:40:54,888 - INFO - This connection is in OCSP Fail Open Mode. TLS Certificates would be checked for validity and revocation status. Any other Certificate Revocation related exceptions or OCSP Responder failures would be disregarded in favor of connectivity.
2025-09-04 22:40:55,854 - INFO - closed
2025-09-04 22:40:55,876 - INFO - No async queries seem to be running, deleting session
2025-09-04 22:40:55,906 - INFO - Fetched unmapped records successfully.
2025-09-04 22:40:56,772 - INFO - Email sent successfully via Outlook.
2025-09-04 22:43:20,683 - INFO - Starting Status Mailer (Snowflake + Outlook)
2025-09-04 22:43:20,741 - INFO - Snowflake Connector for Python Version: 3.13.2, Python Version: 3.13.7, Platform: Windows-11-10.0.26100-SP0
2025-09-04 22:43:20,742 - INFO - Connecting to GLOBAL Snowflake domain
2025-09-04 22:43:20,742 - INFO - This connection is in OCSP Fail Open Mode. TLS Certificates would be checked for validity and revocation status. Any other Certificate Revocation related exceptions or OCSP Responder failures would be disregarded in favor of connectivity.
2025-09-04 22:43:21,501 - INFO - closed
2025-09-04 22:43:21,567 - INFO - No async queries seem to be running, deleting session
2025-09-04 22:43:21,673 - INFO - Fetched latest transaction dates successfully.
2025-09-04 22:43:21,730 - INFO - Snowflake Connector for Python Version: 3.13.2, Python Version: 3.13.7, Platform: Windows-11-10.0.26100-SP0
2025-09-04 22:43:21,730 - INFO - Connecting to GLOBAL Snowflake domain
2025-09-04 22:43:21,730 - INFO - This connection is in OCSP Fail Open Mode. TLS Certificates would be checked for validity and revocation status. Any other Certificate Revocation related exceptions or OCSP Responder failures would be disregarded in favor of connectivity.
2025-09-04 22:43:22,081 - INFO - closed
2025-09-04 22:43:22,103 - INFO - No async queries seem to be running, deleting session
2025-09-04 22:43:22,134 - INFO - Fetched unmapped records successfully.
2025-09-04 22:43:22,794 - INFO - Email sent successfully via Outlook.
2025-09-04 22:46:58,758 - INFO - Starting Status Mailer (Snowflake + Outlook)
2025-09-04 22:46:58,815 - INFO - Snowflake Connector for Python Version: 3.13.2, Python Version: 3.13.7, Platform: Windows-11-10.0.26100-SP0
2025-09-04 22:46:58,815 - INFO - Connecting to GLOBAL Snowflake domain
2025-09-04 22:46:58,816 - INFO - This connection is in OCSP Fail Open Mode. TLS Certificates would be checked for validity and revocation status. Any other Certificate Revocation related exceptions or OCSP Responder failures would be disregarded in favor of connectivity.
2025-09-04 22:46:59,480 - INFO - closed
2025-09-04 22:46:59,502 - INFO - No async queries seem to be running, deleting session
2025-09-04 22:46:59,530 - INFO - Fetched latest transaction dates successfully.
2025-09-04 22:46:59,590 - INFO - Snowflake Connector for Python Version: 3.13.2, Python Version: 3.13.7, Platform: Windows-11-10.0.26100-SP0
2025-09-04 22:46:59,590 - INFO - Connecting to GLOBAL Snowflake domain
2025-09-04 22:46:59,590 - INFO - This connection is in OCSP Fail Open Mode. TLS Certificates would be checked for validity and revocation status. Any other Certificate Revocation related exceptions or OCSP Responder failures would be disregarded in favor of connectivity.
2025-09-04 22:47:00,502 - INFO - closed
2025-09-04 22:47:00,526 - INFO - No async queries seem to be running, deleting session
2025-09-04 22:47:00,603 - INFO - Fetched unmapped records successfully.
2025-09-04 22:47:01,419 - INFO - Email sent successfully via Outlook.
2025-09-04 22:49:29,481 - INFO - Starting Status Mailer (Snowflake + Outlook)
2025-09-04 22:49:29,539 - INFO - Snowflake Connector for Python Version: 3.13.2, Python Version: 3.13.7, Platform: Windows-11-10.0.26100-SP0
2025-09-04 22:49:29,539 - INFO - Connecting to GLOBAL Snowflake domain
2025-09-04 22:49:29,540 - INFO - This connection is in OCSP Fail Open Mode. TLS Certificates would be checked for validity and revocation status. Any other Certificate Revocation related exceptions or OCSP Responder failures would be disregarded in favor of connectivity.
2025-09-04 22:49:30,221 - INFO - closed
2025-09-04 22:49:30,252 - INFO - No async queries seem to be running, deleting session
2025-09-04 22:49:30,343 - INFO - Fetched latest transaction dates successfully.
2025-09-04 22:49:30,407 - INFO - Snowflake Connector for Python Version: 3.13.2, Python Version: 3.13.7, Platform: Windows-11-10.0.26100-SP0
2025-09-04 22:49:30,407 - INFO - Connecting to GLOBAL Snowflake domain
2025-09-04 22:49:30,407 - INFO - This connection is in OCSP Fail Open Mode. TLS Certificates would be checked for validity and revocation status. Any other Certificate Revocation related exceptions or OCSP Responder failures would be disregarded in favor of connectivity.
2025-09-04 22:49:32,467 - INFO - closed
2025-09-04 22:49:32,488 - INFO - No async queries seem to be running, deleting session
2025-09-04 22:49:32,563 - INFO - Fetched unmapped records successfully.
2025-09-04 22:49:33,277 - INFO - Email sent successfully via Outlook.
2025-09-06 22:07:53,173 - INFO - Starting Status Mailer (Snowflake + Outlook)
2025-09-06 22:07:53,217 - INFO - Snowflake Connector for Python Version: 3.13.2, Python Version: 3.13.7, Platform: Windows-11-10.0.26100-SP0
2025-09-06 22:07:53,217 - INFO - Connecting to GLOBAL Snowflake domain
2025-09-06 22:07:53,217 - INFO - This connection is in OCSP Fail Open Mode. TLS Certificates would be checked for validity and revocation status. Any other Certificate Revocation related exceptions or OCSP Responder failures would be disregarded in favor of connectivity.
2025-09-06 22:07:57,866 - INFO - closed
2025-09-06 22:07:57,896 - INFO - No async queries seem to be running, deleting session
2025-09-06 22:07:58,396 - INFO - Fetched latest transaction dates successfully.
2025-09-06 22:07:58,457 - INFO - Snowflake Connector for Python Version: 3.13.2, Python Version: 3.13.7, Platform: Windows-11-10.0.26100-SP0
2025-09-06 22:07:58,458 - INFO - Connecting to GLOBAL Snowflake domain
2025-09-06 22:07:58,458 - INFO - This connection is in OCSP Fail Open Mode. TLS Certificates would be checked for validity and revocation status. Any other Certificate Revocation related exceptions or OCSP Responder failures would be disregarded in favor of connectivity.
2025-09-06 22:07:59,686 - INFO - closed
2025-09-06 22:07:59,708 - INFO - No async queries seem to be running, deleting session
2025-09-06 22:07:59,787 - INFO - Fetched unmapped records successfully.
2025-09-06 22:08:00,808 - INFO - Email sent successfully via Outlook.
2025-09-06 23:48:48,125 - INFO - Starting Status Mailer (Snowflake + Outlook)
2025-09-06 23:48:48,185 - INFO - Snowflake Connector for Python Version: 3.13.2, Python Version: 3.13.7, Platform: Windows-11-10.0.26100-SP0
2025-09-06 23:48:48,186 - INFO - Connecting to GLOBAL Snowflake domain
2025-09-06 23:48:48,186 - INFO - This connection is in OCSP Fail Open Mode. TLS Certificates would be checked for validity and revocation status. Any other Certificate Revocation related exceptions or OCSP Responder failures would be disregarded in favor of connectivity.
2025-09-06 23:48:49,185 - INFO - closed
2025-09-06 23:48:49,221 - INFO - No async queries seem to be running, deleting session
2025-09-06 23:48:49,304 - INFO - Fetched latest transaction dates successfully.
2025-09-06 23:48:49,361 - INFO - Snowflake Connector for Python Version: 3.13.2, Python Version: 3.13.7, Platform: Windows-11-10.0.26100-SP0
2025-09-06 23:48:49,361 - INFO - Connecting to GLOBAL Snowflake domain
2025-09-06 23:48:49,361 - INFO - This connection is in OCSP Fail Open Mode. TLS Certificates would be checked for validity and revocation status. Any other Certificate Revocation related exceptions or OCSP Responder failures would be disregarded in favor of connectivity.
2025-09-06 23:48:49,814 - INFO - closed
2025-09-06 23:48:49,832 - INFO - No async queries seem to be running, deleting session
2025-09-06 23:48:49,885 - INFO - Fetched unmapped records successfully.
2025-09-06 23:48:50,643 - INFO - Email sent successfully via Outlook.
2025-09-15 16:13:45,267 - INFO - Starting Status Mailer (Snowflake + Outlook)
2025-09-15 16:13:45,333 - INFO - Snowflake Connector for Python Version: 3.13.2, Python Version: 3.13.7, Platform: Windows-11-10.0.26100-SP0
2025-09-15 16:13:45,334 - INFO - Connecting to GLOBAL Snowflake domain
2025-09-15 16:13:45,334 - INFO - This connection is in OCSP Fail Open Mode. TLS Certificates would be checked for validity and revocation status. Any other Certificate Revocation related exceptions or OCSP Responder failures would be disregarded in favor of connectivity.
2025-09-15 16:13:49,515 - INFO - closed
2025-09-15 16:13:49,638 - INFO - No async queries seem to be running, deleting session
2025-09-15 16:13:49,853 - INFO - Fetched latest transaction dates successfully.
2025-09-15 16:13:49,918 - INFO - Snowflake Connector for Python Version: 3.13.2, Python Version: 3.13.7, Platform: Windows-11-10.0.26100-SP0
2025-09-15 16:13:49,918 - INFO - Connecting to GLOBAL Snowflake domain
2025-09-15 16:13:49,918 - INFO - This connection is in OCSP Fail Open Mode. TLS Certificates would be checked for validity and revocation status. Any other Certificate Revocation related exceptions or OCSP Responder failures would be disregarded in favor of connectivity.
2025-09-15 16:13:51,175 - INFO - closed
2025-09-15 16:13:51,443 - INFO - No async queries seem to be running, deleting session
2025-09-15 16:13:51,663 - INFO - Fetched unmapped records successfully.
2025-09-15 16:13:55,418 - INFO - Email sent successfully via Outlook.
2025-09-15 16:23:06,467 - INFO - Starting Status Mailer (Snowflake + Outlook)
2025-09-15 16:23:06,603 - INFO - Snowflake Connector for Python Version: 3.13.2, Python Version: 3.13.7, Platform: Windows-11-10.0.26100-SP0
2025-09-15 16:23:06,604 - INFO - Connecting to GLOBAL Snowflake domain
2025-09-15 16:23:06,604 - INFO - This connection is in OCSP Fail Open Mode. TLS Certificates would be checked for validity and revocation status. Any other Certificate Revocation related exceptions or OCSP Responder failures would be disregarded in favor of connectivity.
2025-09-15 16:23:07,660 - INFO - closed
2025-09-15 16:23:07,686 - INFO - No async queries seem to be running, deleting session
2025-09-15 16:23:07,759 - INFO - Fetched latest transaction dates successfully.
2025-09-15 16:23:07,831 - INFO - Snowflake Connector for Python Version: 3.13.2, Python Version: 3.13.7, Platform: Windows-11-10.0.26100-SP0
2025-09-15 16:23:07,831 - INFO - Connecting to GLOBAL Snowflake domain
2025-09-15 16:23:07,831 - INFO - This connection is in OCSP Fail Open Mode. TLS Certificates would be checked for validity and revocation status. Any other Certificate Revocation related exceptions or OCSP Responder failures would be disregarded in favor of connectivity.
2025-09-15 16:23:08,332 - INFO - closed
2025-09-15 16:23:08,391 - INFO - No async queries seem to be running, deleting session
2025-09-15 16:23:08,428 - INFO - Fetched unmapped records successfully.
2025-09-15 16:23:09,395 - INFO - Email sent successfully via Outlook.
2025-09-15 16:24:14,012 - INFO - Starting Status Mailer (Snowflake + Outlook)
2025-09-15 16:24:14,074 - INFO - Snowflake Connector for Python Version: 3.13.2, Python Version: 3.13.7, Platform: Windows-11-10.0.26100-SP0
2025-09-15 16:24:14,074 - INFO - Connecting to GLOBAL Snowflake domain
2025-09-15 16:24:14,074 - INFO - This connection is in OCSP Fail Open Mode. TLS Certificates would be checked for validity and revocation status. Any other Certificate Revocation related exceptions or OCSP Responder failures would be disregarded in favor of connectivity.
2025-09-15 16:24:15,647 - INFO - closed
2025-09-15 16:24:15,686 - INFO - No async queries seem to be running, deleting session
2025-09-15 16:24:15,762 - INFO - Fetched latest transaction dates successfully.
2025-09-15 16:24:15,840 - INFO - Snowflake Connector for Python Version: 3.13.2, Python Version: 3.13.7, Platform: Windows-11-10.0.26100-SP0
2025-09-15 16:24:15,840 - INFO - Connecting to GLOBAL Snowflake domain
2025-09-15 16:24:15,840 - INFO - This connection is in OCSP Fail Open Mode. TLS Certificates would be checked for validity and revocation status. Any other Certificate Revocation related exceptions or OCSP Responder failures would be disregarded in favor of connectivity.
2025-09-15 16:24:16,311 - INFO - closed
2025-09-15 16:24:16,381 - INFO - No async queries seem to be running, deleting session
2025-09-15 16:24:16,412 - INFO - Fetched unmapped records successfully.
2025-09-15 16:24:19,057 - INFO - Email sent successfully via Outlook.
2025-09-15 16:29:35,335 - INFO - Starting Status Mailer (Snowflake + Outlook)
2025-09-15 16:29:35,389 - INFO - Snowflake Connector for Python Version: 3.13.2, Python Version: 3.13.7, Platform: Windows-11-10.0.26100-SP0
2025-09-15 16:29:35,390 - INFO - Connecting to GLOBAL Snowflake domain
2025-09-15 16:29:35,390 - INFO - This connection is in OCSP Fail Open Mode. TLS Certificates would be checked for validity and revocation status. Any other Certificate Revocation related exceptions or OCSP Responder failures would be disregarded in favor of connectivity.
2025-09-15 16:29:36,323 - INFO - closed
2025-09-15 16:29:36,394 - INFO - No async queries seem to be running, deleting session
2025-09-15 16:29:36,471 - INFO - Fetched latest transaction dates successfully.
2025-09-15 16:29:36,533 - INFO - Snowflake Connector for Python Version: 3.13.2, Python Version: 3.13.7, Platform: Windows-11-10.0.26100-SP0
2025-09-15 16:29:36,533 - INFO - Connecting to GLOBAL Snowflake domain
2025-09-15 16:29:36,533 - INFO - This connection is in OCSP Fail Open Mode. TLS Certificates would be checked for validity and revocation status. Any other Certificate Revocation related exceptions or OCSP Responder failures would be disregarded in favor of connectivity.
2025-09-15 16:29:37,198 - INFO - closed
2025-09-15 16:29:37,225 - INFO - No async queries seem to be running, deleting session
2025-09-15 16:29:37,290 - INFO - Fetched unmapped records successfully.
2025-09-15 16:29:38,351 - INFO - Email sent successfully via Outlook.
2025-09-15 16:42:16,115 - INFO - Starting Status Mailer (Snowflake + Outlook)
2025-09-15 16:42:16,171 - INFO - Snowflake Connector for Python Version: 3.13.2, Python Version: 3.13.7, Platform: Windows-11-10.0.26100-SP0
2025-09-15 16:42:16,171 - INFO - Connecting to GLOBAL Snowflake domain
2025-09-15 16:42:16,172 - INFO - This connection is in OCSP Fail Open Mode. TLS Certificates would be checked for validity and revocation status. Any other Certificate Revocation related exceptions or OCSP Responder failures would be disregarded in favor of connectivity.
2025-09-15 16:42:17,050 - INFO - closed
2025-09-15 16:42:17,103 - INFO - No async queries seem to be running, deleting session
2025-09-15 16:42:17,209 - INFO - Fetched latest transaction dates successfully.
2025-09-15 16:42:17,272 - INFO - Snowflake Connector for Python Version: 3.13.2, Python Version: 3.13.7, Platform: Windows-11-10.0.26100-SP0
2025-09-15 16:42:17,272 - INFO - Connecting to GLOBAL Snowflake domain
2025-09-15 16:42:17,272 - INFO - This connection is in OCSP Fail Open Mode. TLS Certificates would be checked for validity and revocation status. Any other Certificate Revocation related exceptions or OCSP Responder failures would be disregarded in favor of connectivity.
2025-09-15 16:42:17,842 - INFO - closed
2025-09-15 16:42:17,924 - INFO - No async queries seem to be running, deleting session
2025-09-15 16:42:17,969 - INFO - Fetched unmapped records successfully.
2025-09-15 16:42:18,894 - INFO - Email sent successfully via Outlook.
2025-09-15 16:43:38,164 - INFO - Starting Status Mailer (Snowflake + Outlook)
2025-09-15 16:43:38,225 - INFO - Snowflake Connector for Python Version: 3.13.2, Python Version: 3.13.7, Platform: Windows-11-10.0.26100-SP0
2025-09-15 16:43:38,225 - INFO - Connecting to GLOBAL Snowflake domain
2025-09-15 16:43:38,225 - INFO - This connection is in OCSP Fail Open Mode. TLS Certificates would be checked for validity and revocation status. Any other Certificate Revocation related exceptions or OCSP Responder failures would be disregarded in favor of connectivity.
2025-09-15 16:43:39,151 - INFO - closed
2025-09-15 16:43:39,224 - INFO - No async queries seem to be running, deleting session
2025-09-15 16:43:39,274 - INFO - Fetched latest transaction dates successfully.
2025-09-15 16:43:39,338 - INFO - Snowflake Connector for Python Version: 3.13.2, Python Version: 3.13.7, Platform: Windows-11-10.0.26100-SP0
2025-09-15 16:43:39,338 - INFO - Connecting to GLOBAL Snowflake domain
2025-09-15 16:43:39,338 - INFO - This connection is in OCSP Fail Open Mode. TLS Certificates would be checked for validity and revocation status. Any other Certificate Revocation related exceptions or OCSP Responder failures would be disregarded in favor of connectivity.
2025-09-15 16:43:39,740 - INFO - closed
2025-09-15 16:43:39,774 - INFO - No async queries seem to be running, deleting session
2025-09-15 16:43:39,840 - INFO - Fetched unmapped records successfully.
2025-09-15 16:43:40,810 - INFO - Email sent successfully via Outlook.
2025-09-15 16:47:28,625 - INFO - Starting Status Mailer (Snowflake + Outlook)
2025-09-15 16:47:28,690 - INFO - Snowflake Connector for Python Version: 3.13.2, Python Version: 3.13.7, Platform: Windows-11-10.0.26100-SP0
2025-09-15 16:47:28,690 - INFO - Connecting to GLOBAL Snowflake domain
2025-09-15 16:47:28,691 - INFO - This connection is in OCSP Fail Open Mode. TLS Certificates would be checked for validity and revocation status. Any other Certificate Revocation related exceptions or OCSP Responder failures would be disregarded in favor of connectivity.
2025-09-15 16:47:29,431 - INFO - closed
2025-09-15 16:47:29,546 - INFO - No async queries seem to be running, deleting session
2025-09-15 16:47:29,632 - INFO - Fetched latest transaction dates successfully.
2025-09-15 16:47:29,684 - INFO - Snowflake Connector for Python Version: 3.13.2, Python Version: 3.13.7, Platform: Windows-11-10.0.26100-SP0
2025-09-15 16:47:29,685 - INFO - Connecting to GLOBAL Snowflake domain
2025-09-15 16:47:29,685 - INFO - This connection is in OCSP Fail Open Mode. TLS Certificates would be checked for validity and revocation status. Any other Certificate Revocation related exceptions or OCSP Responder failures would be disregarded in favor of connectivity.
2025-09-15 16:47:30,059 - INFO - closed
2025-09-15 16:47:30,081 - INFO - No async queries seem to be running, deleting session
2025-09-15 16:47:30,129 - INFO - Fetched unmapped records successfully.
2025-09-15 16:47:31,203 - INFO - Email sent successfully via Outlook.
2025-09-15 16:48:48,627 - INFO - Starting Status Mailer (Snowflake + Outlook)
2025-09-15 16:48:48,683 - INFO - Snowflake Connector for Python Version: 3.13.2, Python Version: 3.13.7, Platform: Windows-11-10.0.26100-SP0
2025-09-15 16:48:48,683 - INFO - Connecting to GLOBAL Snowflake domain
2025-09-15 16:48:48,683 - INFO - This connection is in OCSP Fail Open Mode. TLS Certificates would be checked for validity and revocation status. Any other Certificate Revocation related exceptions or OCSP Responder failures would be disregarded in favor of connectivity.
2025-09-15 16:48:49,620 - INFO - closed
2025-09-15 16:48:49,693 - INFO - No async queries seem to be running, deleting session
2025-09-15 16:48:49,751 - INFO - Fetched latest transaction dates successfully.
2025-09-15 16:48:49,815 - INFO - Snowflake Connector for Python Version: 3.13.2, Python Version: 3.13.7, Platform: Windows-11-10.0.26100-SP0
2025-09-15 16:48:49,816 - INFO - Connecting to GLOBAL Snowflake domain
2025-09-15 16:48:49,816 - INFO - This connection is in OCSP Fail Open Mode. TLS Certificates would be checked for validity and revocation status. Any other Certificate Revocation related exceptions or OCSP Responder failures would be disregarded in favor of connectivity.
2025-09-15 16:48:50,266 - INFO - closed
2025-09-15 16:48:50,352 - INFO - No async queries seem to be running, deleting session
2025-09-15 16:48:50,429 - INFO - Fetched unmapped records successfully.
2025-09-15 16:48:51,328 - INFO - Email sent successfully via Outlook.
2025-09-15 16:49:28,564 - INFO - Starting Status Mailer (Snowflake + Outlook)
2025-09-15 16:49:28,625 - INFO - Snowflake Connector for Python Version: 3.13.2, Python Version: 3.13.7, Platform: Windows-11-10.0.26100-SP0
2025-09-15 16:49:28,625 - INFO - Connecting to GLOBAL Snowflake domain
2025-09-15 16:49:28,625 - INFO - This connection is in OCSP Fail Open Mode. TLS Certificates would be checked for validity and revocation status. Any other Certificate Revocation related exceptions or OCSP Responder failures would be disregarded in favor of connectivity.
2025-09-15 16:49:29,939 - INFO - closed
2025-09-15 16:49:29,962 - INFO - No async queries seem to be running, deleting session
2025-09-15 16:49:29,990 - INFO - Fetched latest transaction dates successfully.
2025-09-15 16:49:30,057 - INFO - Snowflake Connector for Python Version: 3.13.2, Python Version: 3.13.7, Platform: Windows-11-10.0.26100-SP0
2025-09-15 16:49:30,058 - INFO - Connecting to GLOBAL Snowflake domain
2025-09-15 16:49:30,058 - INFO - This connection is in OCSP Fail Open Mode. TLS Certificates would be checked for validity and revocation status. Any other Certificate Revocation related exceptions or OCSP Responder failures would be disregarded in favor of connectivity.
2025-09-15 16:49:30,474 - INFO - closed
2025-09-15 16:49:30,573 - INFO - No async queries seem to be running, deleting session
2025-09-15 16:49:30,599 - INFO - Fetched unmapped records successfully.
2025-09-15 16:49:31,587 - INFO - Email sent successfully via Outlook.
2025-09-15 16:49:58,554 - INFO - Starting Status Mailer (Snowflake + Outlook)
2025-09-15 16:49:58,613 - INFO - Snowflake Connector for Python Version: 3.13.2, Python Version: 3.13.7, Platform: Windows-11-10.0.26100-SP0
2025-09-15 16:49:58,614 - INFO - Connecting to GLOBAL Snowflake domain
2025-09-15 16:49:58,614 - INFO - This connection is in OCSP Fail Open Mode. TLS Certificates would be checked for validity and revocation status. Any other Certificate Revocation related exceptions or OCSP Responder failures would be disregarded in favor of connectivity.
2025-09-15 16:49:59,442 - INFO - closed
2025-09-15 16:49:59,466 - INFO - No async queries seem to be running, deleting session
2025-09-15 16:49:59,741 - INFO - Fetched latest transaction dates successfully.
2025-09-15 16:49:59,802 - INFO - Snowflake Connector for Python Version: 3.13.2, Python Version: 3.13.7, Platform: Windows-11-10.0.26100-SP0
2025-09-15 16:49:59,802 - INFO - Connecting to GLOBAL Snowflake domain
2025-09-15 16:49:59,803 - INFO - This connection is in OCSP Fail Open Mode. TLS Certificates would be checked for validity and revocation status. Any other Certificate Revocation related exceptions or OCSP Responder failures would be disregarded in favor of connectivity.
2025-09-15 16:50:00,149 - INFO - closed
2025-09-15 16:50:00,183 - INFO - No async queries seem to be running, deleting session
2025-09-15 16:50:00,245 - INFO - Fetched unmapped records successfully.
2025-09-15 16:50:00,907 - INFO - Email sent successfully via Outlook.
2025-09-15 16:50:34,683 - INFO - Starting Status Mailer (Snowflake + Outlook)
2025-09-15 16:50:34,738 - INFO - Snowflake Connector for Python Version: 3.13.2, Python Version: 3.13.7, Platform: Windows-11-10.0.26100-SP0
2025-09-15 16:50:34,739 - INFO - Connecting to GLOBAL Snowflake domain
2025-09-15 16:50:34,739 - INFO - This connection is in OCSP Fail Open Mode. TLS Certificates would be checked for validity and revocation status. Any other Certificate Revocation related exceptions or OCSP Responder failures would be disregarded in favor of connectivity.
2025-09-15 16:50:35,694 - INFO - closed
2025-09-15 16:50:35,729 - INFO - No async queries seem to be running, deleting session
2025-09-15 16:50:35,778 - INFO - Fetched latest transaction dates successfully.
2025-09-15 16:50:35,838 - INFO - Snowflake Connector for Python Version: 3.13.2, Python Version: 3.13.7, Platform: Windows-11-10.0.26100-SP0
2025-09-15 16:50:35,838 - INFO - Connecting to GLOBAL Snowflake domain
2025-09-15 16:50:35,838 - INFO - This connection is in OCSP Fail Open Mode. TLS Certificates would be checked for validity and revocation status. Any other Certificate Revocation related exceptions or OCSP Responder failures would be disregarded in favor of connectivity.
2025-09-15 16:50:36,143 - INFO - closed
2025-09-15 16:50:36,224 - INFO - No async queries seem to be running, deleting session
2025-09-15 16:50:36,288 - INFO - Fetched unmapped records successfully.
2025-09-15 16:50:36,906 - INFO - Email sent successfully via Outlook.
2025-09-15 16:50:57,231 - INFO - Starting Status Mailer (Snowflake + Outlook)
2025-09-15 16:50:57,314 - INFO - Snowflake Connector for Python Version: 3.13.2, Python Version: 3.13.7, Platform: Windows-11-10.0.26100-SP0
2025-09-15 16:50:57,315 - INFO - Connecting to GLOBAL Snowflake domain
2025-09-15 16:50:57,315 - INFO - This connection is in OCSP Fail Open Mode. TLS Certificates would be checked for validity and revocation status. Any other Certificate Revocation related exceptions or OCSP Responder failures would be disregarded in favor of connectivity.
2025-09-15 16:50:58,616 - INFO - closed
2025-09-15 16:50:58,645 - INFO - No async queries seem to be running, deleting session
2025-09-15 16:50:58,723 - INFO - Fetched latest transaction dates successfully.
2025-09-15 16:50:58,804 - INFO - Snowflake Connector for Python Version: 3.13.2, Python Version: 3.13.7, Platform: Windows-11-10.0.26100-SP0
2025-09-15 16:50:58,804 - INFO - Connecting to GLOBAL Snowflake domain
2025-09-15 16:50:58,805 - INFO - This connection is in OCSP Fail Open Mode. TLS Certificates would be checked for validity and revocation status. Any other Certificate Revocation related exceptions or OCSP Responder failures would be disregarded in favor of connectivity.
2025-09-15 16:50:59,131 - INFO - closed
2025-09-15 16:50:59,152 - INFO - No async queries seem to be running, deleting session
2025-09-15 16:50:59,182 - INFO - Fetched unmapped records successfully.
2025-09-15 16:50:59,982 - INFO - Email sent successfully via Outlook.
2025-09-15 16:51:35,018 - INFO - Starting Status Mailer (Snowflake + Outlook)
2025-09-15 16:51:35,074 - INFO - Snowflake Connector for Python Version: 3.13.2, Python Version: 3.13.7, Platform: Windows-11-10.0.26100-SP0
2025-09-15 16:51:35,075 - INFO - Connecting to GLOBAL Snowflake domain
2025-09-15 16:51:35,075 - INFO - This connection is in OCSP Fail Open Mode. TLS Certificates would be checked for validity and revocation status. Any other Certificate Revocation related exceptions or OCSP Responder failures would be disregarded in favor of connectivity.
2025-09-15 16:51:35,994 - INFO - closed
2025-09-15 16:51:36,032 - INFO - No async queries seem to be running, deleting session
2025-09-15 16:51:36,079 - INFO - Fetched latest transaction dates successfully.
2025-09-15 16:51:36,147 - INFO - Snowflake Connector for Python Version: 3.13.2, Python Version: 3.13.7, Platform: Windows-11-10.0.26100-SP0
2025-09-15 16:51:36,147 - INFO - Connecting to GLOBAL Snowflake domain
2025-09-15 16:51:36,147 - INFO - This connection is in OCSP Fail Open Mode. TLS Certificates would be checked for validity and revocation status. Any other Certificate Revocation related exceptions or OCSP Responder failures would be disregarded in favor of connectivity.
2025-09-15 16:51:36,616 - INFO - closed
2025-09-15 16:51:36,649 - INFO - No async queries seem to be running, deleting session
2025-09-15 16:51:36,714 - INFO - Fetched unmapped records successfully.
2025-09-15 16:51:37,512 - INFO - Email sent successfully via Outlook.
2025-09-15 16:53:52,315 - INFO - Starting Status Mailer (Snowflake + Outlook)
2025-09-15 16:53:52,376 - INFO - Snowflake Connector for Python Version: 3.13.2, Python Version: 3.13.7, Platform: Windows-11-10.0.26100-SP0
2025-09-15 16:53:52,376 - INFO - Connecting to GLOBAL Snowflake domain
2025-09-15 16:53:52,376 - INFO - This connection is in OCSP Fail Open Mode. TLS Certificates would be checked for validity and revocation status. Any other Certificate Revocation related exceptions or OCSP Responder failures would be disregarded in favor of connectivity.
2025-09-15 16:53:53,167 - INFO - closed
2025-09-15 16:53:53,235 - INFO - No async queries seem to be running, deleting session
2025-09-15 16:53:53,298 - INFO - Fetched latest transaction dates successfully.
2025-09-15 16:53:53,356 - INFO - Snowflake Connector for Python Version: 3.13.2, Python Version: 3.13.7, Platform: Windows-11-10.0.26100-SP0
2025-09-15 16:53:53,356 - INFO - Connecting to GLOBAL Snowflake domain
2025-09-15 16:53:53,357 - INFO - This connection is in OCSP Fail Open Mode. TLS Certificates would be checked for validity and revocation status. Any other Certificate Revocation related exceptions or OCSP Responder failures would be disregarded in favor of connectivity.
2025-09-15 16:53:53,853 - INFO - closed
2025-09-15 16:53:53,931 - INFO - No async queries seem to be running, deleting session
2025-09-15 16:53:53,977 - INFO - Fetched unmapped records successfully.
2025-09-15 16:53:54,834 - INFO - Email sent successfully via Outlook.
2025-09-15 16:54:56,897 - INFO - Starting Status Mailer (Snowflake + Outlook)
2025-09-15 16:54:56,958 - INFO - Snowflake Connector for Python Version: 3.13.2, Python Version: 3.13.7, Platform: Windows-11-10.0.26100-SP0
2025-09-15 16:54:56,959 - INFO - Connecting to GLOBAL Snowflake domain
2025-09-15 16:54:56,959 - INFO - This connection is in OCSP Fail Open Mode. TLS Certificates would be checked for validity and revocation status. Any other Certificate Revocation related exceptions or OCSP Responder failures would be disregarded in favor of connectivity.
2025-09-15 16:54:57,915 - INFO - closed
2025-09-15 16:54:57,948 - INFO - No async queries seem to be running, deleting session
2025-09-15 16:54:57,983 - INFO - Fetched latest transaction dates successfully.
2025-09-15 16:54:58,137 - INFO - Snowflake Connector for Python Version: 3.13.2, Python Version: 3.13.7, Platform: Windows-11-10.0.26100-SP0
2025-09-15 16:54:58,137 - INFO - Connecting to GLOBAL Snowflake domain
2025-09-15 16:54:58,137 - INFO - This connection is in OCSP Fail Open Mode. TLS Certificates would be checked for validity and revocation status. Any other Certificate Revocation related exceptions or OCSP Responder failures would be disregarded in favor of connectivity.
2025-09-15 16:54:58,439 - INFO - closed
2025-09-15 16:54:58,479 - INFO - No async queries seem to be running, deleting session
2025-09-15 16:54:58,528 - INFO - Fetched unmapped records successfully.
2025-09-15 16:54:59,390 - INFO - Email sent successfully via Outlook.
2025-09-15 16:55:29,932 - INFO - Starting Status Mailer (Snowflake + Outlook)
2025-09-15 16:55:29,991 - INFO - Snowflake Connector for Python Version: 3.13.2, Python Version: 3.13.7, Platform: Windows-11-10.0.26100-SP0
2025-09-15 16:55:29,992 - INFO - Connecting to GLOBAL Snowflake domain
2025-09-15 16:55:29,992 - INFO - This connection is in OCSP Fail Open Mode. TLS Certificates would be checked for validity and revocation status. Any other Certificate Revocation related exceptions or OCSP Responder failures would be disregarded in favor of connectivity.
2025-09-15 16:55:30,825 - INFO - closed
2025-09-15 16:55:30,850 - INFO - No async queries seem to be running, deleting session
2025-09-15 16:55:30,955 - INFO - Fetched latest transaction dates successfully.
2025-09-15 16:55:31,013 - INFO - Snowflake Connector for Python Version: 3.13.2, Python Version: 3.13.7, Platform: Windows-11-10.0.26100-SP0
2025-09-15 16:55:31,013 - INFO - Connecting to GLOBAL Snowflake domain
2025-09-15 16:55:31,014 - INFO - This connection is in OCSP Fail Open Mode. TLS Certificates would be checked for validity and revocation status. Any other Certificate Revocation related exceptions or OCSP Responder failures would be disregarded in favor of connectivity.
2025-09-15 16:55:31,501 - INFO - closed
2025-09-15 16:55:31,532 - INFO - No async queries seem to be running, deleting session
2025-09-15 16:55:31,620 - INFO - Fetched unmapped records successfully.
2025-09-15 16:55:32,470 - INFO - Email sent successfully via Outlook.
2025-09-15 16:56:50,852 - INFO - Starting Status Mailer (Snowflake + Outlook)
2025-09-15 16:56:50,914 - INFO - Snowflake Connector for Python Version: 3.13.2, Python Version: 3.13.7, Platform: Windows-11-10.0.26100-SP0
2025-09-15 16:56:50,914 - INFO - Connecting to GLOBAL Snowflake domain
2025-09-15 16:56:50,915 - INFO - This connection is in OCSP Fail Open Mode. TLS Certificates would be checked for validity and revocation status. Any other Certificate Revocation related exceptions or OCSP Responder failures would be disregarded in favor of connectivity.
2025-09-15 16:56:51,804 - INFO - closed
2025-09-15 16:56:51,826 - INFO - No async queries seem to be running, deleting session
2025-09-15 16:56:51,910 - INFO - Fetched latest transaction dates successfully.
2025-09-15 16:56:51,969 - INFO - Snowflake Connector for Python Version: 3.13.2, Python Version: 3.13.7, Platform: Windows-11-10.0.26100-SP0
2025-09-15 16:56:51,970 - INFO - Connecting to GLOBAL Snowflake domain
2025-09-15 16:56:51,970 - INFO - This connection is in OCSP Fail Open Mode. TLS Certificates would be checked for validity and revocation status. Any other Certificate Revocation related exceptions or OCSP Responder failures would be disregarded in favor of connectivity.
2025-09-15 16:56:52,374 - INFO - closed
2025-09-15 16:56:52,451 - INFO - No async queries seem to be running, deleting session
2025-09-15 16:56:52,517 - INFO - Fetched unmapped records successfully.
2025-09-15 16:56:53,240 - INFO - Email sent successfully via Outlook.
2025-09-15 17:10:08,674 - INFO - Starting Status Mailer (Snowflake + Outlook)
2025-09-15 17:10:08,730 - INFO - Snowflake Connector for Python Version: 3.13.2, Python Version: 3.13.7, Platform: Windows-11-10.0.26100-SP0
2025-09-15 17:10:08,731 - INFO - Connecting to GLOBAL Snowflake domain
2025-09-15 17:10:08,731 - INFO - This connection is in OCSP Fail Open Mode. TLS Certificates would be checked for validity and revocation status. Any other Certificate Revocation related exceptions or OCSP Responder failures would be disregarded in favor of connectivity.
2025-09-15 17:10:09,497 - INFO - closed
2025-09-15 17:10:09,528 - INFO - No async queries seem to be running, deleting session
2025-09-15 17:10:09,597 - INFO - Fetched latest transaction dates successfully.
2025-09-15 17:10:09,658 - INFO - Snowflake Connector for Python Version: 3.13.2, Python Version: 3.13.7, Platform: Windows-11-10.0.26100-SP0
2025-09-15 17:10:09,658 - INFO - Connecting to GLOBAL Snowflake domain
2025-09-15 17:10:09,658 - INFO - This connection is in OCSP Fail Open Mode. TLS Certificates would be checked for validity and revocation status. Any other Certificate Revocation related exceptions or OCSP Responder failures would be disregarded in favor of connectivity.
2025-09-15 17:10:10,010 - INFO - closed
2025-09-15 17:10:10,031 - INFO - No async queries seem to be running, deleting session
2025-09-15 17:10:10,058 - INFO - Fetched unmapped records successfully.
2025-09-15 17:10:11,027 - INFO - Email sent successfully via Outlook.
2025-09-15 17:17:07,223 - INFO - Starting Status Mailer (Snowflake + Outlook)
2025-09-15 17:17:07,281 - INFO - Snowflake Connector for Python Version: 3.13.2, Python Version: 3.13.7, Platform: Windows-11-10.0.26100-SP0
2025-09-15 17:17:07,281 - INFO - Connecting to GLOBAL Snowflake domain
2025-09-15 17:17:07,281 - INFO - This connection is in OCSP Fail Open Mode. TLS Certificates would be checked for validity and revocation status. Any other Certificate Revocation related exceptions or OCSP Responder failures would be disregarded in favor of connectivity.
2025-09-15 17:17:08,209 - INFO - closed
2025-09-15 17:17:08,230 - INFO - No async queries seem to be running, deleting session
2025-09-15 17:17:08,260 - INFO - Fetched latest transaction dates successfully.
2025-09-15 17:17:08,343 - INFO - Snowflake Connector for Python Version: 3.13.2, Python Version: 3.13.7, Platform: Windows-11-10.0.26100-SP0
2025-09-15 17:17:08,344 - INFO - Connecting to GLOBAL Snowflake domain
2025-09-15 17:17:08,344 - INFO - This connection is in OCSP Fail Open Mode. TLS Certificates would be checked for validity and revocation status. Any other Certificate Revocation related exceptions or OCSP Responder failures would be disregarded in favor of connectivity.
2025-09-15 17:17:08,747 - INFO - closed
2025-09-15 17:17:08,770 - INFO - No async queries seem to be running, deleting session
2025-09-15 17:17:08,842 - INFO - Fetched unmapped records successfully.
2025-09-15 17:17:09,541 - INFO - Email sent successfully via Outlook.
2025-09-15 17:24:08,599 - INFO - Starting Status Mailer (Snowflake + Outlook)
2025-09-15 17:24:08,663 - INFO - Snowflake Connector for Python Version: 3.13.2, Python Version: 3.13.7, Platform: Windows-11-10.0.26100-SP0
2025-09-15 17:24:08,663 - INFO - Connecting to GLOBAL Snowflake domain
2025-09-15 17:24:08,664 - INFO - This connection is in OCSP Fail Open Mode. TLS Certificates would be checked for validity and revocation status. Any other Certificate Revocation related exceptions or OCSP Responder failures would be disregarded in favor of connectivity.
2025-09-15 17:24:10,127 - INFO - closed
2025-09-15 17:24:10,147 - INFO - No async queries seem to be running, deleting session
2025-09-15 17:24:10,221 - INFO - Fetched latest transaction dates successfully.
2025-09-15 17:24:10,280 - INFO - Snowflake Connector for Python Version: 3.13.2, Python Version: 3.13.7, Platform: Windows-11-10.0.26100-SP0
2025-09-15 17:24:10,280 - INFO - Connecting to GLOBAL Snowflake domain
2025-09-15 17:24:10,281 - INFO - This connection is in OCSP Fail Open Mode. TLS Certificates would be checked for validity and revocation status. Any other Certificate Revocation related exceptions or OCSP Responder failures would be disregarded in favor of connectivity.
2025-09-15 17:24:10,736 - INFO - closed
2025-09-15 17:24:10,760 - INFO - No async queries seem to be running, deleting session
2025-09-15 17:24:10,839 - INFO - Fetched unmapped records successfully.
2025-09-15 17:24:11,630 - INFO - Email sent successfully via Outlook.
2025-09-16 19:14:09,240 - INFO - Starting Status Mailer (Snowflake + Outlook)
2025-09-16 19:14:09,301 - INFO - Snowflake Connector for Python Version: 3.13.2, Python Version: 3.13.7, Platform: Windows-11-10.0.26100-SP0
2025-09-16 19:14:09,302 - INFO - Connecting to GLOBAL Snowflake domain
2025-09-16 19:14:09,302 - INFO - This connection is in OCSP Fail Open Mode. TLS Certificates would be checked for validity and revocation status. Any other Certificate Revocation related exceptions or OCSP Responder failures would be disregarded in favor of connectivity.
2025-09-16 19:14:15,335 - INFO - closed
2025-09-16 19:14:15,393 - INFO - No async queries seem to be running, deleting session
2025-09-16 19:14:15,497 - INFO - Fetched latest transaction dates successfully.
2025-09-16 19:14:15,589 - INFO - Snowflake Connector for Python Version: 3.13.2, Python Version: 3.13.7, Platform: Windows-11-10.0.26100-SP0
2025-09-16 19:14:15,590 - INFO - Connecting to GLOBAL Snowflake domain
2025-09-16 19:14:15,590 - INFO - This connection is in OCSP Fail Open Mode. TLS Certificates would be checked for validity and revocation status. Any other Certificate Revocation related exceptions or OCSP Responder failures would be disregarded in favor of connectivity.
2025-09-16 19:14:17,064 - INFO - closed
2025-09-16 19:14:17,144 - INFO - No async queries seem to be running, deleting session
2025-09-16 19:14:17,209 - INFO - Fetched unmapped records successfully.
2025-09-16 19:14:18,282 - INFO - Email sent successfully via Outlook.
